2024-09-02 17:06:18,825 - db_helper - INFO - fetch_expenses_for_date called with 2024-08-01
2024-09-02 17:06:19,085 - db_helper - INFO - fetch_expense_summary called with start: 2024-08-01 end: 2024-08-05
2024-09-02 17:06:47,394 - db_helper - INFO - fetch_expenses_for_date called with 2024-09-30
2024-09-02 17:06:47,463 - db_helper - INFO - fetch_expense_summary called with start: 2024-08-01 end: 2024-08-05
2024-09-02 17:07:46,664 - db_helper - INFO - fetch_expenses_for_date called with 2024-09-30
2024-09-02 17:07:46,707 - db_helper - INFO - fetch_expense_summary called with start: 2024-08-01 end: 2024-08-05
2024-09-02 17:12:07,162 - db_helper - INFO - fetch_expenses_for_date called with 2024-08-01
2024-09-02 17:12:34,865 - db_helper - INFO - delete_expenses_for_date called with 2024-08-28
2024-09-02 17:12:34,893 - db_helper - INFO - insert_expense called with date: 2024-08-28, amount: 23.0, category: Shopping, notes: Bought a mercedez car
2024-09-03 13:09:25,792 - db_helper - INFO - fetch_expenses_for_date called with 2024-08-02
2024-09-03 13:14:13,453 - db_helper - INFO - fetch_expenses_for_date called with 2024-08-02
2024-09-03 13:14:40,070 - db_helper - INFO - fetch_expenses_for_date called with 2024-08-02
2024-09-03 13:15:46,497 - db_helper - INFO - fetch_expenses_for_date called with 2024-08-02
2024-09-03 13:16:01,748 - db_helper - INFO - fetch_expenses_for_date called with 2024-08-02
2024-09-03 13:18:09,655 - db_helper - INFO - fetch_expenses_for_date called with 2024-08-01
2024-09-03 13:19:12,044 - db_helper - INFO - fetch_expenses_for_date called with 2024-08-01
2024-09-03 13:20:07,878 - db_helper - INFO - fetch_expenses_for_date called with 2024-08-01
2024-09-03 13:20:18,908 - db_helper - INFO - fetch_expenses_for_date called with 2024-08-01
2024-09-03 13:23:28,920 - db_helper - INFO - fetch_expenses_for_date called with 2024-08-01
2024-09-03 13:24:40,488 - db_helper - INFO - fetch_expenses_for_date called with 2024-08-01
2024-09-03 13:24:42,618 - db_helper - INFO - delete_expenses_for_date called with 2024-08-01
2024-09-03 13:24:42,647 - db_helper - INFO - insert_expense called with date: 2024-08-01, amount: 1340.0, category: Rent, notes: Monthly rent payment
2024-09-03 13:24:42,658 - db_helper - INFO - insert_expense called with date: 2024-08-01, amount: 300.0, category: Food, notes: Groceries for the week
2024-09-03 13:24:42,664 - db_helper - INFO - insert_expense called with date: 2024-08-01, amount: 1200.0, category: Rent, notes: Monthly rent payment
2024-09-03 13:24:42,670 - db_helper - INFO - insert_expense called with date: 2024-08-01, amount: 300.0, category: Food, notes: Groceries for the week
2024-09-03 13:24:42,675 - db_helper - INFO - insert_expense called with date: 2024-08-01, amount: 20.0, category: Shopping, notes: Bought dairy milk chocolate
2024-09-03 13:25:30,234 - db_helper - INFO - fetch_expenses_for_date called with 2024-08-01
2024-09-03 13:25:35,277 - db_helper - INFO - fetch_expenses_for_date called with 2024-08-02
2024-09-03 13:25:39,836 - db_helper - INFO - fetch_expenses_for_date called with 2024-08-16
2024-09-03 13:41:40,040 - db_helper - INFO - fetch_expenses_for_date called with 2024-08-02
2024-09-03 13:42:43,656 - db_helper - INFO - fetch_expenses_for_date called with 2024-08-02
2024-09-03 13:43:46,494 - db_helper - INFO - fetch_expenses_for_date called with 2024-08-02
2024-09-03 13:43:51,431 - db_helper - INFO - fetch_expenses_for_date called with 2024-08-01
2024-09-03 13:43:55,008 - db_helper - INFO - fetch_expenses_for_date called with 2024-08-01
2024-09-03 13:49:44,387 - db_helper - INFO - fetch_expenses_for_date called with 2024-08-01
2024-09-03 13:51:02,499 - db_helper - INFO - fetch_expenses_for_date called with 2024-08-01
2024-09-03 13:52:03,370 - db_helper - INFO - fetch_expenses_for_date called with 2024-08-01
2024-09-03 13:53:26,743 - db_helper - INFO - fetch_expenses_for_date called with 2024-08-01
2024-09-03 13:54:03,659 - db_helper - INFO - fetch_expenses_for_date called with 2024-08-01
2024-09-03 13:57:37,265 - db_helper - INFO - fetch_expenses_for_date called with 2024-08-01
2024-09-03 13:59:03,489 - db_helper - INFO - fetch_expenses_for_date called with 2024-08-01
2024-09-03 14:00:04,391 - db_helper - INFO - fetch_expenses_for_date called with 2024-08-01
2024-09-03 14:01:07,377 - db_helper - INFO - fetch_expenses_for_date called with 2024-08-01
2024-09-03 14:01:34,920 - db_helper - INFO - fetch_expenses_for_date called with 2024-08-01
2024-09-03 14:01:47,824 - db_helper - INFO - fetch_expenses_for_date called with 2024-08-01
2024-09-03 14:02:43,817 - db_helper - INFO - fetch_expenses_for_date called with 2024-08-01
2024-09-03 14:02:49,061 - db_helper - INFO - fetch_expenses_for_date called with 2024-08-02
2024-09-03 14:02:54,091 - db_helper - INFO - fetch_expenses_for_date called with 2024-08-07
2024-09-03 14:08:01,017 - db_helper - INFO - fetch_expenses_for_date called with 2024-08-07
2024-09-03 14:08:39,479 - db_helper - INFO - fetch_expenses_for_date called with 2024-08-07
2024-09-03 14:08:41,555 - db_helper - INFO - delete_expenses_for_date called with 2024-08-07
2024-09-03 14:08:41,565 - db_helper - INFO - insert_expense called with date: 2024-08-07, amount: 20.0, category: Shopping, notes: bought coconut
2024-09-03 14:08:41,581 - db_helper - INFO - insert_expense called with date: 2024-08-07, amount: 10.0, category: Shopping, notes: bought hair oild
2024-09-03 14:08:41,586 - db_helper - INFO - insert_expense called with date: 2024-08-07, amount: 40.0, category: Food, notes: ate pakoda
2024-09-03 14:09:05,902 - db_helper - INFO - fetch_expenses_for_date called with 2024-08-01
2024-09-03 14:09:10,568 - db_helper - INFO - fetch_expenses_for_date called with 2024-08-07
2024-09-03 14:24:39,169 - db_helper - INFO - fetch_expense_summary called with start: 2024-08-01 end: 2024-08-05
2024-09-03 14:30:03,443 - db_helper - INFO - fetch_expense_summary called with start: 2024-08-01 end: 2024-08-05
2024-09-03 14:40:30,568 - db_helper - INFO - fetch_expenses_for_date called with 2024-08-01
2024-09-03 14:41:21,967 - db_helper - INFO - fetch_expenses_for_date called with 2024-08-01
2024-09-03 14:43:12,325 - db_helper - INFO - fetch_expenses_for_date called with 2024-08-01
2024-09-03 14:43:15,409 - db_helper - INFO - fetch_expenses_for_date called with 2024-08-01
2024-09-03 14:43:17,491 - db_helper - INFO - fetch_expense_summary called with start: 2024-08-01 end: 2024-08-05
2024-09-03 14:44:48,321 - db_helper - INFO - fetch_expenses_for_date called with 2024-08-01
2024-09-03 14:44:51,086 - db_helper - INFO - fetch_expenses_for_date called with 2024-08-01
2024-09-03 14:44:53,165 - db_helper - INFO - fetch_expense_summary called with start: 2024-08-01 end: 2024-08-05
2024-09-03 14:45:51,488 - db_helper - INFO - fetch_expenses_for_date called with 2024-08-01
2024-09-03 14:45:54,316 - db_helper - INFO - fetch_expenses_for_date called with 2024-08-01
2024-09-03 14:45:56,444 - db_helper - INFO - fetch_expense_summary called with start: 2024-08-01 end: 2024-08-05
2024-09-03 14:47:15,077 - db_helper - INFO - fetch_expenses_for_date called with 2024-08-01
2024-09-03 14:47:18,864 - db_helper - INFO - fetch_expenses_for_date called with 2024-08-01
2024-09-03 14:47:20,907 - db_helper - INFO - fetch_expense_summary called with start: 2024-08-01 end: 2024-08-05
2024-09-03 14:49:43,199 - db_helper - INFO - fetch_expenses_for_date called with 2024-08-01
2024-09-03 14:49:49,055 - db_helper - INFO - fetch_expenses_for_date called with 2024-08-01
2024-09-03 14:49:51,142 - db_helper - INFO - fetch_expense_summary called with start: 2024-08-01 end: 2024-08-05
2024-09-03 14:50:31,492 - db_helper - INFO - fetch_expenses_for_date called with 2024-08-01
2024-09-03 14:50:34,719 - db_helper - INFO - fetch_expenses_for_date called with 2024-08-01
2024-09-03 14:50:36,818 - db_helper - INFO - fetch_expense_summary called with start: 2024-08-01 end: 2024-08-05
2024-09-03 16:59:07,583 - db_helper - INFO - fetch_expenses_for_date called with 2024-08-01
2024-09-03 16:59:08,307 - db_helper - INFO - fetch_expenses_for_date called with 2024-08-07
2024-09-03 18:04:04,740 - db_helper - INFO - fetch_expenses_for_date called with 2024-08-16
2024-09-03 18:04:09,935 - db_helper - INFO - fetch_expenses_for_date called with 2024-08-17
2024-09-03 18:04:14,123 - db_helper - INFO - fetch_expenses_for_date called with 2024-08-15
2024-09-03 18:04:23,283 - db_helper - INFO - fetch_expenses_for_date called with 2024-08-15
2024-09-03 18:04:25,333 - db_helper - INFO - delete_expenses_for_date called with 2024-08-15
2024-09-03 18:04:30,552 - db_helper - INFO - fetch_expenses_for_date called with 2024-08-16
2024-09-03 18:04:34,641 - db_helper - INFO - fetch_expenses_for_date called with 2024-08-15
2025-10-16 16:13:25,326 - db_helper - INFO - fetch_expenses_for_date called with 2024-08-01
2025-10-16 16:25:20,076 - db_helper - INFO - fetch_expenses_for_date called with 2024-08-01
2025-10-16 16:32:56,838 - db_helper - INFO - fetch_expenses_for_date called with 2024-08-01
2025-10-16 16:34:06,086 - db_helper - INFO - fetch_expenses_for_date called with 2024-08-01
2025-10-16 16:34:26,320 - db_helper - INFO - fetch_expenses_for_date called with 2024-08-01
2025-10-16 16:35:12,262 - db_helper - INFO - fetch_expenses_for_date called with 2024-08-01
2025-10-16 16:50:24,376 - db_helper - INFO - fetch_expenses_for_date called with 2024-08-01
2025-10-16 16:57:00,448 - db_helper - INFO - delete_expenses_for_date called with 2024-08-28
2025-10-16 16:57:00,460 - db_helper - INFO - insert_expense called with date: 2024-08-28, amount: 2000.0, category: Shopping, notes: BOUGHT KUNG FU PANDA
2025-10-16 16:57:00,486 - db_helper - INFO - insert_expense called with date: 2024-08-28, amount: 210.0, category: Food, notes: Ate sizzler
2025-10-16 16:57:18,663 - db_helper - INFO - fetch_expenses_for_date called with 2024-08-28
2025-10-17 00:44:27,298 - db_helper - INFO - fetch_expenses_for_date called with 2024-08-01
2025-10-17 10:15:43,456 - db_helper - INFO - fetch_expenses_for_date called with 2024-08-01
2025-10-17 10:19:03,279 - db_helper - INFO - fetch_expenses_for_date called with 2024-08-01
2025-10-17 10:20:00,895 - db_helper - INFO - fetch_expenses_for_date called with 2024-08-01
2025-10-17 12:31:11,658 - db_helper - INFO - fetch_expenses_for_date called with 2024-08-01
2025-10-17 12:35:53,523 - db_helper - INFO - fetch_expenses_for_date called with 2024-08-01
2025-10-17 12:35:55,663 - db_helper - INFO - fetch_expense_summary called with start: 2024-08-01 end: 2024-08-05
2025-10-17 12:37:12,593 - db_helper - INFO - fetch_expenses_for_date called with 2024-08-01
2025-10-17 12:49:45,929 - db_helper - INFO - fetch_expenses_for_date called with 2025-10-01
2025-10-17 12:54:06,543 - db_helper - INFO - fetch_expenses_for_date called with 2025-10-01
2025-10-17 12:57:45,306 - db_helper - INFO - fetch_expenses_for_date called with 2025-10-01
2025-10-17 13:11:58,626 - db_helper - INFO - fetch_expenses_for_date called with 2025-10-01
2025-10-17 13:12:04,307 - db_helper - INFO - fetch_expenses_for_date called with 2025-10-01
2025-10-17 13:12:04,681 - db_helper - INFO - fetch_expenses_for_date called with 2025-10-01
2025-10-17 13:12:04,924 - db_helper - INFO - fetch_expenses_for_date called with 2025-10-01
2025-10-17 13:12:05,153 - db_helper - INFO - fetch_expenses_for_date called with 2025-10-01
2025-10-17 13:12:12,965 - db_helper - INFO - fetch_expenses_for_date called with 2025-10-01
2025-10-17 13:12:13,255 - db_helper - INFO - fetch_expenses_for_date called with 2025-10-01
2025-10-17 13:12:13,457 - db_helper - INFO - fetch_expenses_for_date called with 2025-10-01
2025-10-17 13:12:13,675 - db_helper - INFO - fetch_expenses_for_date called with 2025-10-01
2025-10-17 13:12:13,909 - db_helper - INFO - fetch_expenses_for_date called with 2025-10-01
2025-10-17 13:12:14,119 - db_helper - INFO - fetch_expenses_for_date called with 2025-10-01
2025-10-17 13:12:14,340 - db_helper - INFO - fetch_expenses_for_date called with 2025-10-01
2025-10-17 13:12:14,523 - db_helper - INFO - fetch_expenses_for_date called with 2025-10-01
2025-10-17 13:12:15,162 - db_helper - INFO - fetch_expenses_for_date called with 2025-10-01
2025-10-17 13:31:23,575 - db_helper - INFO - fetch_expenses_for_date called with 2025-10-01
2025-10-17 13:32:12,258 - db_helper - INFO - fetch_expenses_for_date called with 2025-10-01
2025-10-17 13:32:23,935 - db_helper - INFO - fetch_expenses_for_date called with 2025-10-01
2025-10-17 13:32:25,435 - db_helper - INFO - fetch_expenses_for_date called with 2025-10-01
2025-10-17 13:32:37,390 - db_helper - INFO - fetch_expenses_for_date called with 2025-10-01
2025-10-17 13:32:37,733 - db_helper - INFO - fetch_expenses_for_date called with 2025-10-01
2025-10-17 13:32:37,943 - db_helper - INFO - fetch_expenses_for_date called with 2025-10-01
2025-10-17 13:32:38,262 - db_helper - INFO - fetch_expenses_for_date called with 2025-10-01
2025-10-17 13:32:48,064 - db_helper - INFO - fetch_expenses_for_date called with 2025-10-01
2025-10-17 13:32:48,234 - db_helper - INFO - fetch_expenses_for_date called with 2025-10-01
2025-10-17 13:32:48,414 - db_helper - INFO - fetch_expenses_for_date called with 2025-10-01
2025-10-17 13:32:48,616 - db_helper - INFO - fetch_expenses_for_date called with 2025-10-01
2025-10-17 13:32:48,810 - db_helper - INFO - fetch_expenses_for_date called with 2025-10-01
2025-10-17 13:32:49,026 - db_helper - INFO - fetch_expenses_for_date called with 2025-10-01
2025-10-17 13:32:49,254 - db_helper - INFO - fetch_expenses_for_date called with 2025-10-01
2025-10-17 13:32:52,648 - db_helper - INFO - fetch_expenses_for_date called with 2025-10-01
2025-10-17 13:33:54,794 - db_helper - INFO - fetch_expenses_for_date called with 2025-10-01
2025-10-17 13:35:42,512 - db_helper - INFO - fetch_expenses_for_date called with 2025-10-01
2025-10-17 13:36:36,126 - db_helper - INFO - fetch_expenses_for_date called with 2025-10-01
2025-10-17 13:36:38,266 - db_helper - INFO - delete_expenses_for_date called with 2025-10-01
2025-10-17 13:36:38,301 - db_helper - INFO - insert_expense called with date: 2025-10-01, amount: 100.0, category: Entertainment, notes: went to sports arena
2025-10-17 13:36:38,389 - db_helper - INFO - insert_expense called with date: 2025-10-01, amount: 200.0, category: Food, notes: ate chole bhature
2025-10-17 13:36:38,424 - db_helper - INFO - insert_expense called with date: 2025-10-01, amount: 400.0, category: Other, notes: gave to friend
2025-10-17 13:36:38,453 - db_helper - INFO - insert_expense called with date: 2025-10-01, amount: 500.0, category: Shopping, notes: clothes purchase
2025-10-17 13:36:38,469 - db_helper - INFO - insert_expense called with date: 2025-10-01, amount: 400.0, category: Shopping, notes: grocery
2025-10-17 13:37:30,414 - db_helper - INFO - fetch_expenses_for_date called with 2025-10-01
2025-10-17 13:37:35,451 - db_helper - INFO - fetch_expenses_for_date called with 2025-10-01
2025-10-17 13:37:54,560 - db_helper - INFO - fetch_expenses_for_date called with 2025-10-01
2025-10-17 13:42:12,109 - db_helper - INFO - fetch_expenses_for_date called with 2025-10-01
2025-10-17 13:42:20,588 - db_helper - INFO - fetch_expenses_for_date called with 2025-10-01
2025-10-17 13:42:22,703 - db_helper - INFO - delete_expenses_for_date called with 2025-10-01
2025-10-17 13:42:22,746 - db_helper - INFO - insert_expense called with date: 2025-10-01, amount: 100.0, category: Entertainment, notes: went to sports arena
2025-10-17 13:42:22,778 - db_helper - INFO - insert_expense called with date: 2025-10-01, amount: 200.0, category: Food, notes: ate chole bhature
2025-10-17 13:42:22,810 - db_helper - INFO - insert_expense called with date: 2025-10-01, amount: 400.0, category: Other, notes: gave to friend
2025-10-17 13:42:22,826 - db_helper - INFO - insert_expense called with date: 2025-10-01, amount: 500.0, category: Shopping, notes: clothes purchase
2025-10-17 13:42:22,842 - db_helper - INFO - insert_expense called with date: 2025-10-01, amount: 400.0, category: Shopping, notes: grocery
2025-10-17 13:42:22,850 - db_helper - INFO - insert_expense called with date: 2025-10-01, amount: 100.0, category: Shopping, notes: kitchen items
2025-10-17 13:47:07,905 - db_helper - INFO - fetch_expenses_for_date called with 2025-10-01
2025-10-17 13:47:22,061 - db_helper - INFO - fetch_expenses_for_date called with 2025-10-01
2025-10-17 13:47:24,234 - db_helper - INFO - delete_expenses_for_date called with 2025-10-01
2025-10-17 13:47:24,264 - db_helper - INFO - insert_expense called with date: 2025-10-01, amount: 100.0, category: Entertainment, notes: went to sports arena
2025-10-17 13:47:24,289 - db_helper - INFO - insert_expense called with date: 2025-10-01, amount: 200.0, category: Food, notes: ate chole bhature
2025-10-17 13:47:24,313 - db_helper - INFO - insert_expense called with date: 2025-10-01, amount: 400.0, category: Other, notes: gave to friend
2025-10-17 13:47:24,351 - db_helper - INFO - insert_expense called with date: 2025-10-01, amount: 500.0, category: Shopping, notes: clothes purchase
2025-10-17 13:47:24,369 - db_helper - INFO - insert_expense called with date: 2025-10-01, amount: 400.0, category: Shopping, notes: grocery
2025-10-17 13:47:24,402 - db_helper - INFO - insert_expense called with date: 2025-10-01, amount: 100.0, category: Shopping, notes: kitchen items
2025-10-17 13:49:00,930 - db_helper - INFO - fetch_expenses_for_date called with 2025-10-01
2025-10-17 13:49:06,403 - db_helper - INFO - fetch_expenses_for_date called with 2025-10-01
2025-10-17 13:49:08,491 - db_helper - INFO - delete_expenses_for_date called with 2025-10-01
2025-10-17 13:49:08,506 - db_helper - INFO - insert_expense called with date: 2025-10-01, amount: 100.0, category: Entertainment, notes: went to sports arena
2025-10-17 13:49:08,524 - db_helper - INFO - insert_expense called with date: 2025-10-01, amount: 200.0, category: Food, notes: ate chole bhature
2025-10-17 13:49:08,532 - db_helper - INFO - insert_expense called with date: 2025-10-01, amount: 400.0, category: Other, notes: gave to friend
2025-10-17 13:49:08,548 - db_helper - INFO - insert_expense called with date: 2025-10-01, amount: 500.0, category: Shopping, notes: clothes purchase
2025-10-17 13:49:08,557 - db_helper - INFO - insert_expense called with date: 2025-10-01, amount: 400.0, category: Shopping, notes: grocery
2025-10-17 13:49:08,573 - db_helper - INFO - insert_expense called with date: 2025-10-01, amount: 100.0, category: Shopping, notes: kitchen items
2025-10-17 13:49:10,710 - db_helper - INFO - fetch_expenses_for_date called with 2025-10-01
2025-10-17 13:49:21,001 - db_helper - INFO - fetch_expenses_for_date called with 2025-10-01
2025-10-17 13:49:23,150 - db_helper - INFO - delete_expenses_for_date called with 2025-10-01
2025-10-17 13:49:23,182 - db_helper - INFO - insert_expense called with date: 2025-10-01, amount: 100.0, category: Entertainment, notes: went to sports arena
2025-10-17 13:49:23,198 - db_helper - INFO - insert_expense called with date: 2025-10-01, amount: 200.0, category: Food, notes: ate chole bhature
2025-10-17 13:49:23,229 - db_helper - INFO - insert_expense called with date: 2025-10-01, amount: 400.0, category: Other, notes: gave to friend
2025-10-17 13:49:23,254 - db_helper - INFO - insert_expense called with date: 2025-10-01, amount: 500.0, category: Shopping, notes: clothes purchase
2025-10-17 13:49:23,284 - db_helper - INFO - insert_expense called with date: 2025-10-01, amount: 400.0, category: Shopping, notes: grocery
2025-10-17 13:49:23,311 - db_helper - INFO - insert_expense called with date: 2025-10-01, amount: 100.0, category: Shopping, notes: kitchen items
2025-10-17 13:49:25,492 - db_helper - INFO - fetch_expenses_for_date called with 2025-10-01
2025-10-17 13:50:10,989 - db_helper - INFO - fetch_expenses_for_date called with 2025-10-01
2025-10-17 13:50:15,685 - db_helper - INFO - fetch_expenses_for_date called with 2025-10-01
2025-10-17 13:50:27,113 - db_helper - INFO - fetch_expenses_for_date called with 2025-10-01
2025-10-17 13:50:30,342 - db_helper - INFO - fetch_expenses_for_date called with 2025-10-01
2025-10-17 13:50:32,526 - db_helper - INFO - fetch_expense_summary called with start: 2025-10-01 end: 2025-10-02
2025-10-17 13:51:17,690 - db_helper - INFO - fetch_expenses_for_date called with 2025-10-01
2025-10-17 13:51:17,944 - db_helper - INFO - fetch_expenses_for_date called with 2025-10-01
2025-10-17 13:51:18,966 - db_helper - INFO - fetch_expenses_for_date called with 2025-10-01
2025-10-17 13:51:19,190 - db_helper - INFO - fetch_expenses_for_date called with 2025-10-01
2025-10-17 13:51:19,674 - db_helper - INFO - fetch_expenses_for_date called with 2025-10-01
2025-10-17 13:51:33,688 - db_helper - INFO - fetch_expenses_for_date called with 2025-10-01
2025-10-17 13:51:35,795 - db_helper - INFO - delete_expenses_for_date called with 2025-10-01
2025-10-17 13:51:35,827 - db_helper - INFO - insert_expense called with date: 2025-10-01, amount: 10000.0, category: Entertainment, notes: went to sports arena
2025-10-17 13:51:37,977 - db_helper - INFO - fetch_expenses_for_date called with 2025-10-01
2025-10-17 13:51:44,875 - db_helper - INFO - fetch_expenses_for_date called with 2025-10-01
2025-10-17 13:51:46,982 - db_helper - INFO - fetch_expense_summary called with start: 2025-10-01 end: 2025-10-02
2025-10-17 13:52:14,765 - db_helper - INFO - fetch_expenses_for_date called with 2025-10-01
2025-10-17 13:52:15,081 - db_helper - INFO - fetch_expenses_for_date called with 2025-10-01
2025-10-17 13:52:15,415 - db_helper - INFO - fetch_expenses_for_date called with 2025-10-01
2025-10-17 13:52:15,755 - db_helper - INFO - fetch_expenses_for_date called with 2025-10-01
2025-10-17 13:52:29,019 - db_helper - INFO - fetch_expenses_for_date called with 2025-10-01
2025-10-17 13:52:29,247 - db_helper - INFO - fetch_expenses_for_date called with 2025-10-01
2025-10-17 13:52:29,482 - db_helper - INFO - fetch_expenses_for_date called with 2025-10-01
2025-10-17 13:52:29,757 - db_helper - INFO - fetch_expenses_for_date called with 2025-10-01
2025-10-17 13:52:33,334 - db_helper - INFO - fetch_expenses_for_date called with 2025-10-01
2025-10-17 13:52:33,535 - db_helper - INFO - fetch_expenses_for_date called with 2025-10-01
2025-10-17 13:52:33,726 - db_helper - INFO - fetch_expenses_for_date called with 2025-10-01
2025-10-17 13:52:33,932 - db_helper - INFO - fetch_expenses_for_date called with 2025-10-01
2025-10-17 13:53:33,625 - db_helper - INFO - fetch_expenses_for_date called with 2025-10-01
2025-10-17 13:53:35,778 - db_helper - INFO - delete_expenses_for_date called with 2025-10-01
2025-10-17 13:53:35,810 - db_helper - INFO - insert_expense called with date: 2025-10-01, amount: 10000.0, category: Entertainment, notes: went to sports arena
2025-10-17 13:53:35,826 - db_helper - INFO - insert_expense called with date: 2025-10-01, amount: 500.0, category: Shopping, notes: CLOTHES
2025-10-17 13:53:35,858 - db_helper - INFO - insert_expense called with date: 2025-10-01, amount: 4000.0, category: Rent, notes: ROOM RENT
2025-10-17 13:53:35,880 - db_helper - INFO - insert_expense called with date: 2025-10-01, amount: 1000.0, category: Food, notes: SIZZLER
2025-10-17 13:53:35,911 - db_helper - INFO - insert_expense called with date: 2025-10-01, amount: 400.0, category: Other, notes: LEND
2025-10-17 13:53:38,080 - db_helper - INFO - fetch_expenses_for_date called with 2025-10-01
2025-10-17 13:53:43,648 - db_helper - INFO - fetch_expenses_for_date called with 2025-10-01
2025-10-17 13:53:45,796 - db_helper - INFO - fetch_expense_summary called with start: 2025-10-01 end: 2025-10-02
2025-10-17 13:54:45,011 - db_helper - INFO - fetch_expenses_for_date called with 2025-10-01
2025-10-17 13:55:33,189 - db_helper - INFO - fetch_expenses_for_date called with 2025-10-01
2025-10-17 13:57:37,817 - db_helper - INFO - fetch_expenses_for_date called with 2025-10-01
2025-10-17 13:57:39,956 - db_helper - INFO - fetch_expense_summary called with start: 2025-10-01 end: 2025-10-02
2025-10-17 18:02:19,735 - db_helper - INFO - fetch_expenses_for_date called with 2025-10-01
2025-10-17 18:17:49,468 - db_helper - INFO - fetch_expenses_for_date called with 2024-08-01
2025-10-17 18:18:00,220 - db_helper - INFO - fetch_expenses_for_date called with 2024-08-01
2025-10-17 18:18:02,352 - db_helper - INFO - fetch_expense_summary called with start: 2024-08-01 end: 2024-08-05
2025-10-17 18:18:13,670 - db_helper - INFO - fetch_expenses_for_date called with 2024-08-01
2025-10-17 18:18:19,102 - db_helper - INFO - fetch_expenses_for_date called with 2024-08-01
2025-10-17 18:18:25,645 - db_helper - INFO - fetch_expenses_for_date called with 2024-08-01
2025-10-17 18:18:27,629 - db_helper - INFO - fetch_expenses_for_date called with 2024-08-01
2025-10-17 18:18:34,156 - db_helper - INFO - fetch_expenses_for_date called with 2024-08-01
2025-10-17 18:18:34,715 - db_helper - INFO - fetch_expenses_for_date called with 2024-08-01
2025-10-17 18:18:36,799 - db_helper - INFO - fetch_expense_summary called with start: 2025-08-01 end: 2025-11-05
2025-10-17 23:31:38,534 - db_helper - INFO - fetch_expenses_for_date called with 2024-08-01
2025-10-17 23:31:43,836 - db_helper - INFO - fetch_expenses_for_date called with 2024-08-01
2025-10-17 23:31:45,997 - db_helper - INFO - fetch_expense_summary called with start: 2025-08-01 end: 2025-11-04
2025-10-18 00:11:05,157 - db_helper - INFO - fetch_expenses_for_date called with 2024-08-01
2025-10-18 00:11:29,092 - db_helper - INFO - fetch_expenses_for_date called with 2024-08-02
2025-10-18 00:11:44,420 - db_helper - INFO - fetch_expenses_for_date called with 2024-08-03
2025-10-18 00:12:26,112 - db_helper - INFO - fetch_expenses_for_date called with 2024-08-01
2025-10-18 00:13:17,427 - db_helper - INFO - fetch_expenses_for_date called with 2024-08-01
2025-10-18 00:13:19,559 - db_helper - INFO - delete_expenses_for_date called with 2024-08-01
2025-10-18 00:13:19,638 - db_helper - INFO - insert_expense called with date: 2024-08-01, amount: 1340.0, category: Rent, notes: Monthly rent payment
2025-10-18 00:13:19,676 - db_helper - INFO - insert_expense called with date: 2024-08-01, amount: 300.0, category: Food, notes: Groceries for the week
2025-10-18 00:13:19,715 - db_helper - INFO - insert_expense called with date: 2024-08-01, amount: 1200.0, category: Rent, notes: Monthly rent payment
2025-10-18 00:13:19,744 - db_helper - INFO - insert_expense called with date: 2024-08-01, amount: 300.0, category: Food, notes: Groceries for the week
2025-10-18 00:13:19,768 - db_helper - INFO - insert_expense called with date: 2024-08-01, amount: 20.0, category: Shopping, notes: Bought dairy milk
2025-10-18 00:13:25,878 - db_helper - INFO - fetch_expenses_for_date called with 2024-08-02
2025-10-18 00:14:06,881 - db_helper - INFO - fetch_expenses_for_date called with 2024-08-02
2025-10-18 00:14:09,005 - db_helper - INFO - delete_expenses_for_date called with 2024-08-02
2025-10-18 00:14:09,039 - db_helper - INFO - insert_expense called with date: 2024-08-02, amount: 200.0, category: Rent, notes: Monthly rent payment
2025-10-18 00:14:09,072 - db_helper - INFO - insert_expense called with date: 2024-08-02, amount: 150.0, category: Food, notes: Groceries for the week
2025-10-18 00:14:09,102 - db_helper - INFO - insert_expense called with date: 2024-08-02, amount: 100.0, category: Rent, notes: Monthly rent payment
2025-10-18 00:14:09,131 - db_helper - INFO - insert_expense called with date: 2024-08-02, amount: 50.0, category: Food, notes: Groceries for the week
2025-10-18 00:14:09,159 - db_helper - INFO - insert_expense called with date: 2024-08-02, amount: 25.0, category: Shopping, notes: Bought dairy milk
2025-10-18 00:14:11,693 - db_helper - INFO - fetch_expenses_for_date called with 2024-08-01
2025-10-18 00:16:13,560 - db_helper - INFO - fetch_expenses_for_date called with 2024-08-01
2025-10-18 00:16:33,439 - db_helper - INFO - fetch_expenses_for_date called with 2024-08-02
2025-10-18 00:16:36,431 - db_helper - INFO - fetch_expenses_for_date called with 2024-08-01
2025-10-18 00:16:57,585 - db_helper - INFO - fetch_expenses_for_date called with 2024-08-01
2025-10-18 00:16:59,719 - db_helper - INFO - fetch_expense_summary called with start: 2024-08-01 end: 2024-08-05
2025-10-18 00:18:17,038 - db_helper - INFO - fetch_expenses_for_date called with 2024-08-02
2025-10-18 00:22:48,499 - db_helper - INFO - fetch_expenses_for_date called with 2024-08-01
2025-10-18 00:22:56,166 - db_helper - INFO - fetch_expenses_for_date called with 2024-08-02
2025-10-18 00:23:02,343 - db_helper - INFO - fetch_expenses_for_date called with 2024-08-03
2025-10-18 00:26:40,108 - db_helper - INFO - fetch_expenses_for_date called with 2024-08-04
2025-10-18 00:26:48,368 - db_helper - INFO - fetch_expenses_for_date called with 2024-08-02
2025-10-18 00:26:56,324 - db_helper - INFO - fetch_expenses_for_date called with 2024-08-15
2025-10-18 00:27:38,659 - db_helper - INFO - fetch_expenses_for_date called with 2024-08-15
2025-10-18 00:27:45,191 - db_helper - INFO - fetch_expenses_for_date called with 2024-08-01
2025-10-18 00:37:12,477 - db_helper - INFO - fetch_expenses_for_date called with 2025-10-01
2025-10-18 00:37:22,098 - db_helper - INFO - fetch_expenses_for_date called with 2025-10-02
2025-10-18 00:37:33,238 - db_helper - INFO - fetch_expenses_for_date called with 2025-10-03
2025-10-18 00:38:13,497 - db_helper - INFO - fetch_expenses_for_date called with 2025-10-03
2025-10-18 00:38:41,298 - db_helper - INFO - fetch_expenses_for_date called with 2024-10-03
2025-10-18 00:38:57,261 - db_helper - INFO - fetch_expenses_for_date called with 2024-08-01
2025-10-18 00:39:09,339 - db_helper - INFO - fetch_expenses_for_date called with 2024-08-01
2025-10-18 00:39:11,519 - db_helper - INFO - delete_expenses_for_date called with 2024-08-01
2025-10-18 00:39:11,551 - db_helper - INFO - insert_expense called with date: 2024-08-01, amount: 1340.0, category: Rent, notes: Monthly rent payment
2025-10-18 00:39:11,591 - db_helper - INFO - insert_expense called with date: 2024-08-01, amount: 300.0, category: Food, notes: Groceries for the week
2025-10-18 00:39:11,615 - db_helper - INFO - insert_expense called with date: 2024-08-01, amount: 1200.0, category: Rent, notes: Monthly rent payment
2025-10-18 00:39:11,647 - db_helper - INFO - insert_expense called with date: 2024-08-01, amount: 300.0, category: Food, notes: Groceries for the week
2025-10-18 00:39:11,647 - db_helper - INFO - insert_expense called with date: 2024-08-01, amount: 20.0, category: Shopping, notes: Bought dairy milk
2025-10-18 00:44:19,531 - db_helper - INFO - fetch_expenses_for_date called with 2024-08-01
2025-10-18 00:44:28,880 - db_helper - INFO - fetch_expenses_for_date called with 2024-08-01
2025-10-18 00:44:31,018 - db_helper - INFO - delete_expenses_for_date called with 2024-08-01
2025-10-18 00:44:31,049 - db_helper - INFO - insert_expense called with date: 2024-08-01, amount: 1340.0, category: Rent, notes: Monthly rent payment
2025-10-18 00:44:31,080 - db_helper - INFO - insert_expense called with date: 2024-08-01, amount: 300.0, category: Food, notes: Groceries for the week
2025-10-18 00:44:31,108 - db_helper - INFO - insert_expense called with date: 2024-08-01, amount: 1200.0, category: Rent, notes: Monthly rent payment
2025-10-18 00:44:31,136 - db_helper - INFO - insert_expense called with date: 2024-08-01, amount: 300.0, category: Food, notes: Groceries for the week
2025-10-18 00:44:31,163 - db_helper - INFO - insert_expense called with date: 2024-08-01, amount: 20.0, category: Shopping, notes: Bought dairy milk
2025-10-18 00:44:33,336 - db_helper - INFO - fetch_expenses_for_date called with 2024-08-01
2025-10-18 00:44:44,107 - db_helper - INFO - fetch_expenses_for_date called with 2024-08-02
2025-10-18 00:44:52,923 - db_helper - INFO - fetch_expenses_for_date called with 2024-08-03
2025-10-18 00:45:01,946 - db_helper - INFO - fetch_expenses_for_date called with 2023-08-03
2025-10-18 00:45:15,027 - db_helper - INFO - fetch_expenses_for_date called with 2024-08-03
2025-10-18 00:45:24,588 - db_helper - INFO - fetch_expenses_for_date called with 2024-08-15
2025-10-18 00:45:37,911 - db_helper - INFO - fetch_expenses_for_date called with 2024-08-15
2025-10-18 00:45:44,643 - db_helper - INFO - fetch_expenses_for_date called with 2024-08-15
2025-10-18 00:45:45,197 - db_helper - INFO - fetch_expenses_for_date called with 2024-08-15
2025-10-18 00:45:48,419 - db_helper - INFO - fetch_expenses_for_date called with 2024-08-15
2025-10-18 00:45:49,270 - db_helper - INFO - fetch_expenses_for_date called with 2024-08-15
2025-10-18 00:46:06,440 - db_helper - INFO - fetch_expenses_for_date called with 2024-03-15
2025-10-18 00:46:09,159 - db_helper - INFO - fetch_expenses_for_date called with 2024-03-16
2025-10-18 00:48:17,214 - db_helper - INFO - fetch_expenses_for_date called with 2024-03-16
2025-10-18 00:48:19,370 - db_helper - INFO - delete_expenses_for_date called with 2024-03-16
2025-10-18 00:48:19,379 - db_helper - INFO - insert_expense called with date: 2024-03-16, amount: 5000.0, category: Shopping, notes: Bought clothes for my birthday
2025-10-18 00:48:19,395 - db_helper - INFO - insert_expense called with date: 2024-03-16, amount: 2000.0, category: Food, notes: Gave a small party
2025-10-18 00:48:19,411 - db_helper - INFO - insert_expense called with date: 2024-03-16, amount: 2000.0, category: Entertainment, notes: watched movie
2025-10-18 00:48:19,427 - db_helper - INFO - insert_expense called with date: 2024-03-16, amount: 2000.0, category: Entertainment, notes: went to game arcade
2025-10-18 00:48:19,443 - db_helper - INFO - insert_expense called with date: 2024-03-16, amount: 500.0, category: Other, notes: Transportation bills
2025-10-18 00:48:21,628 - db_helper - INFO - fetch_expenses_for_date called with 2024-03-16
2025-10-18 00:48:32,546 - db_helper - INFO - fetch_expenses_for_date called with 2025-10-01
2025-10-18 00:49:37,618 - db_helper - INFO - fetch_expenses_for_date called with 2024-08-01
2025-10-18 00:49:47,971 - db_helper - INFO - fetch_expenses_for_date called with 2024-03-01
2025-10-18 00:49:52,861 - db_helper - INFO - fetch_expenses_for_date called with 2024-03-16
2025-10-18 00:50:08,984 - db_helper - INFO - fetch_expenses_for_date called with 2024-03-16
2025-10-18 00:50:13,616 - db_helper - INFO - fetch_expenses_for_date called with 2024-03-16
2025-10-18 00:50:19,216 - db_helper - INFO - fetch_expenses_for_date called with 2024-03-16
2025-10-18 00:50:23,646 - db_helper - INFO - fetch_expenses_for_date called with 2024-03-16
2025-10-18 00:50:26,842 - db_helper - INFO - fetch_expenses_for_date called with 2024-03-16
2025-10-18 00:50:28,992 - db_helper - INFO - fetch_expense_summary called with start: 2024-03-16 end: 2024-03-16
2025-10-18 00:51:03,937 - db_helper - INFO - fetch_expenses_for_date called with 2024-03-16
2025-10-18 00:52:28,535 - db_helper - INFO - fetch_expenses_for_date called with 2024-08-01
2025-10-18 00:52:34,616 - db_helper - INFO - fetch_expenses_for_date called with 2024-08-02
2025-10-18 08:58:01,805 - db_helper - INFO - fetch_expenses_for_date called with 2024-08-01
2025-10-18 08:58:52,157 - db_helper - INFO - fetch_expenses_for_date called with 2024-08-01
2025-10-18 08:59:01,419 - db_helper - INFO - fetch_expenses_for_date called with 2024-08-03
2025-10-18 09:05:20,094 - db_helper - INFO - fetch_expenses_for_date called with 2024-08-01
2025-10-18 09:05:30,756 - db_helper - INFO - fetch_expenses_for_date called with 2024-03-16
2025-10-18 09:05:44,142 - db_helper - INFO - fetch_expenses_for_date called with 2024-03-16
2025-10-18 09:05:47,718 - db_helper - INFO - fetch_expenses_for_date called with 2024-03-16
2025-10-18 09:06:35,153 - db_helper - INFO - fetch_expenses_for_date called with 2024-03-16
2025-10-18 09:06:37,311 - db_helper - INFO - delete_expenses_for_date called with 2024-03-16
2025-10-18 09:06:37,342 - db_helper - INFO - insert_expense called with date: 2024-03-16, amount: 5000.0, category: Shopping, notes: Bought clothes for my birthday
2025-10-18 09:06:37,377 - db_helper - INFO - insert_expense called with date: 2024-03-16, amount: 2000.0, category: Food, notes: Gave a small party
2025-10-18 09:06:37,390 - db_helper - INFO - insert_expense called with date: 2024-03-16, amount: 2000.0, category: Entertainment, notes: watched movie
2025-10-18 09:06:37,422 - db_helper - INFO - insert_expense called with date: 2024-03-16, amount: 2000.0, category: Entertainment, notes: went to game arcade
2025-10-18 09:06:37,454 - db_helper - INFO - insert_expense called with date: 2024-03-16, amount: 500.0, category: Other, notes: Transportation bills
2025-10-18 09:06:37,470 - db_helper - INFO - insert_expense called with date: 2024-03-16, amount: 500.0, category: Other, notes: cake cutting
2025-10-18 09:06:37,501 - db_helper - INFO - insert_expense called with date: 2024-03-16, amount: 500.0, category: Other, notes: pizza party
2025-10-18 09:06:39,657 - db_helper - INFO - fetch_expenses_for_date called with 2024-03-16
2025-10-18 09:07:05,425 - db_helper - INFO - fetch_expenses_for_date called with 2024-03-16
2025-10-18 09:07:12,564 - db_helper - INFO - fetch_expenses_for_date called with 2024-03-16
2025-10-18 09:07:15,619 - db_helper - INFO - fetch_expenses_for_date called with 2024-03-16
2025-10-18 09:07:17,709 - db_helper - INFO - fetch_expense_summary called with start: 2024-03-16 end: 2024-03-17
2025-10-18 09:07:49,037 - db_helper - INFO - fetch_expenses_for_date called with 2024-03-18
2025-10-18 09:07:55,750 - db_helper - INFO - fetch_expenses_for_date called with 2024-03-16
2025-10-18 09:08:04,301 - db_helper - INFO - fetch_expenses_for_date called with 2024-08-01
2025-10-18 09:08:21,066 - db_helper - INFO - fetch_expenses_for_date called with 2024-03-16
2025-10-18 09:27:05,117 - db_helper - INFO - fetch_expenses_for_date called with 2024-03-16
2025-10-18 09:27:07,248 - db_helper - INFO - fetch_expense_summary called with start: 2024-08-01 end: 2024-08-05
2025-10-18 09:27:39,110 - db_helper - INFO - fetch_expenses_for_date called with 2024-08-01
2025-10-18 09:30:39,489 - db_helper - INFO - fetch_expenses_for_date called with 2024-08-01
2025-10-18 09:32:02,965 - db_helper - INFO - fetch_expenses_for_date called with 2024-08-01
2025-10-18 09:32:32,760 - db_helper - INFO - fetch_expenses_for_date called with 2024-08-01
2025-10-18 09:32:40,166 - db_helper - INFO - fetch_expenses_for_date called with 2024-08-01
2025-10-18 09:32:43,341 - db_helper - INFO - fetch_expenses_for_date called with 2024-08-01
2025-10-18 09:32:45,465 - db_helper - INFO - fetch_expense_summary called with start: 2024-03-16 end: 2024-03-16
2025-10-18 09:33:18,625 - db_helper - INFO - fetch_expenses_for_date called with 2024-03-16
2025-10-18 14:57:53,501 - db_helper - INFO - fetch_expenses_for_date called with 2024-03-15
2025-10-18 14:58:03,366 - db_helper - INFO - fetch_expenses_for_date called with 2024-03-16
2025-10-18 22:58:42,008 - db_helper - INFO - fetch_expenses_for_date called with 2024-08-01
2025-10-18 22:58:55,430 - db_helper - INFO - fetch_expenses_for_date called with 2024-03-16
2025-10-18 23:05:49,725 - db_helper - INFO - fetch_expenses_for_date called with 2024-03-16
2025-10-18 23:05:51,921 - db_helper - INFO - fetch_expense_summary called with start: 2024-08-01 end: 2024-08-05
2025-10-18 23:06:33,730 - db_helper - INFO - fetch_expenses_for_date called with 2024-03-16
2025-10-18 23:06:40,006 - db_helper - INFO - fetch_expenses_for_date called with 2024-08-01
2025-10-18 23:10:00,484 - db_helper - INFO - fetch_expenses_for_date called with 2024-08-01
2025-10-18 23:12:29,249 - db_helper - INFO - fetch_expenses_for_date called with 2024-08-01
2025-10-18 23:14:08,110 - db_helper - INFO - fetch_expenses_for_date called with 2024-03-16
2025-10-18 23:16:27,365 - db_helper - INFO - fetch_expenses_for_date called with 2024-03-16
2025-10-18 23:16:36,838 - db_helper - INFO - fetch_expenses_for_date called with 2024-08-01
2025-10-18 23:19:00,751 - db_helper - INFO - fetch_expenses_for_date called with 2024-08-01
2025-10-18 23:19:15,606 - db_helper - INFO - fetch_expenses_for_date called with 2024-03-16
2025-10-18 23:19:20,436 - db_helper - INFO - fetch_expenses_for_date called with 2024-03-16
2025-10-18 23:20:02,340 - db_helper - INFO - fetch_expenses_for_date called with 2024-03-16
2025-10-18 23:20:04,535 - db_helper - INFO - delete_expenses_for_date called with 2024-03-16
2025-10-18 23:20:04,640 - db_helper - INFO - insert_expense called with date: 2024-03-16, amount: 5000.0, category: Shopping, notes: Bought clothes for my birthday
2025-10-18 23:20:04,678 - db_helper - INFO - insert_expense called with date: 2024-03-16, amount: 2000.0, category: Food, notes: Gave a small party
2025-10-18 23:20:04,710 - db_helper - INFO - insert_expense called with date: 2024-03-16, amount: 2000.0, category: Entertainment, notes: watched movie
2025-10-18 23:20:04,726 - db_helper - INFO - insert_expense called with date: 2024-03-16, amount: 2000.0, category: Entertainment, notes: went to game arcade
2025-10-18 23:20:04,758 - db_helper - INFO - insert_expense called with date: 2024-03-16, amount: 500.0, category: Other, notes: Transportation bills
2025-10-18 23:20:04,776 - db_helper - INFO - insert_expense called with date: 2024-03-16, amount: 500.0, category: Other, notes: cake cutting
2025-10-18 23:20:04,805 - db_helper - INFO - insert_expense called with date: 2024-03-16, amount: 500.0, category: Other, notes: pizza party
2025-10-18 23:20:04,829 - db_helper - INFO - insert_expense called with date: 2024-03-16, amount: 1000.0, category: Entertainment, notes: Turf bookings
2025-10-18 23:20:07,017 - db_helper - INFO - fetch_expenses_for_date called with 2024-03-16
2025-10-18 23:20:22,047 - db_helper - INFO - fetch_expenses_for_date called with 2024-03-16
2025-10-18 23:20:26,454 - db_helper - INFO - fetch_expenses_for_date called with 2024-03-16
2025-10-18 23:20:27,339 - db_helper - INFO - fetch_expenses_for_date called with 2024-03-16
2025-10-18 23:20:29,497 - db_helper - INFO - fetch_expense_summary called with start: 2024-03-16 end: 2024-03-16
2025-10-18 23:20:44,250 - db_helper - INFO - fetch_expenses_for_date called with 2024-03-16
2025-10-18 23:20:46,413 - db_helper - INFO - fetch_expense_summary called with start: 2024-03-16 end: 2024-03-16
2025-10-18 23:32:52,098 - db_helper - INFO - fetch_expenses_for_date called with 2024-03-16
2025-10-18 23:43:14,423 - db_helper - INFO - fetch_expenses_for_date called with 2024-08-01
2025-10-18 23:43:24,312 - db_helper - INFO - fetch_expenses_for_date called with 2024-08-01
2025-10-18 23:45:22,751 - db_helper - INFO - fetch_expenses_for_date called with 2024-08-01
2025-10-18 23:56:07,212 - db_helper - INFO - fetch_expenses_for_date called with 2024-08-01
2025-10-18 23:56:09,301 - db_helper - INFO - fetch_expense_summary_by_months
2025-10-18 23:57:14,185 - db_helper - INFO - fetch_expenses_for_date called with 2024-08-01
2025-10-18 23:57:16,247 - db_helper - INFO - fetch_expense_summary called with start: 2024-08-01 end: 2024-08-05
2025-10-18 23:57:18,307 - db_helper - INFO - fetch_expense_summary_by_months
2025-10-18 23:57:31,871 - db_helper - INFO - fetch_expenses_for_date called with 2024-03-16
2025-10-18 23:57:33,943 - db_helper - INFO - fetch_expense_summary_by_months
2025-10-18 23:58:00,522 - db_helper - INFO - fetch_expenses_for_date called with 2024-08-01
2025-10-18 23:58:02,563 - db_helper - INFO - fetch_expense_summary_by_months
2025-10-19 00:15:56,454 - db_helper - INFO - fetch_expenses_for_date called with 2024-08-01
2025-10-19 00:15:58,523 - db_helper - INFO - fetch_expense_summary_by_months
2025-10-19 00:16:18,809 - db_helper - INFO - fetch_expenses_for_date called with 2024-08-01
2025-10-19 00:16:20,880 - db_helper - INFO - fetch_expense_summary_by_months
2025-10-19 00:16:29,250 - db_helper - INFO - fetch_expenses_for_date called with 2024-08-01
2025-10-19 00:16:31,310 - db_helper - INFO - fetch_expense_summary_by_months
2025-10-19 00:16:53,572 - db_helper - INFO - fetch_expenses_for_date called with 2024-08-01
2025-10-19 00:16:55,621 - db_helper - INFO - fetch_expense_summary_by_months
2025-10-19 00:18:57,328 - db_helper - INFO - fetch_expenses_for_date called with 2024-08-01
2025-10-19 00:18:59,399 - db_helper - INFO - fetch_expense_summary_by_months
2025-10-19 00:19:19,514 - db_helper - INFO - fetch_expenses_for_date called with 2024-08-01
2025-10-19 00:19:21,592 - db_helper - INFO - fetch_expense_summary_by_months
2025-10-19 00:19:35,101 - db_helper - INFO - fetch_expenses_for_date called with 2024-08-01
2025-10-19 00:19:37,153 - db_helper - INFO - fetch_expense_summary_by_months
2025-10-19 00:19:46,136 - db_helper - INFO - fetch_expenses_for_date called with 2024-08-01
2025-10-19 00:19:48,199 - db_helper - INFO - fetch_expense_summary_by_months
2025-10-19 00:24:04,286 - db_helper - INFO - fetch_expenses_for_date called with 2024-08-01
2025-10-19 00:24:06,342 - db_helper - INFO - fetch_expense_summary_by_months
2025-10-19 00:24:44,533 - db_helper - INFO - fetch_expenses_for_date called with 2024-08-01
2025-10-19 00:24:46,609 - db_helper - INFO - fetch_expense_summary_by_months
2025-10-19 00:25:01,296 - db_helper - INFO - fetch_expenses_for_date called with 2024-08-01
2025-10-19 00:25:03,346 - db_helper - INFO - fetch_expense_summary called with start: 2024-08-01 end: 2024-08-05
2025-10-19 00:25:05,401 - db_helper - INFO - fetch_expense_summary_by_months
2025-10-19 00:35:35,087 - db_helper - INFO - fetch_expenses_for_date called with 2024-08-01
2025-10-19 00:35:37,168 - db_helper - INFO - fetch_expense_summary_by_months
2025-10-19 00:36:45,246 - db_helper - INFO - fetch_expenses_for_date called with 2024-03-16
2025-10-19 00:36:47,312 - db_helper - INFO - fetch_expense_summary_by_months
2025-10-19 00:36:51,793 - db_helper - INFO - fetch_expenses_for_date called with 2024-03-16
2025-10-19 00:36:52,172 - db_helper - INFO - fetch_expenses_for_date called with 2024-03-16
2025-10-19 00:36:54,230 - db_helper - INFO - fetch_expense_summary_by_months
2025-10-19 00:37:50,652 - db_helper - INFO - fetch_expenses_for_date called with 2024-03-16
2025-10-19 00:37:52,715 - db_helper - INFO - delete_expenses_for_date called with 2024-03-16
2025-10-19 00:37:52,743 - db_helper - INFO - insert_expense called with date: 2024-03-16, amount: 5000.0, category: Shopping, notes: Bought clothes for my birthday
2025-10-19 00:37:52,751 - db_helper - INFO - insert_expense called with date: 2024-03-16, amount: 2000.0, category: Food, notes: Gave a small party
2025-10-19 00:37:52,757 - db_helper - INFO - insert_expense called with date: 2024-03-16, amount: 2000.0, category: Entertainment, notes: watched movie
2025-10-19 00:37:52,759 - db_helper - INFO - insert_expense called with date: 2024-03-16, amount: 2000.0, category: Entertainment, notes: went to game arcade
2025-10-19 00:37:52,759 - db_helper - INFO - insert_expense called with date: 2024-03-16, amount: 500.0, category: Other, notes: Transportation bills
2025-10-19 00:37:52,775 - db_helper - INFO - insert_expense called with date: 2024-03-16, amount: 500.0, category: Other, notes: cake cutting
2025-10-19 00:37:52,775 - db_helper - INFO - insert_expense called with date: 2024-03-16, amount: 500.0, category: Other, notes: pizza party
2025-10-19 00:37:52,791 - db_helper - INFO - insert_expense called with date: 2024-03-16, amount: 1000.0, category: Entertainment, notes: Turf bookings
2025-10-19 00:37:52,794 - db_helper - INFO - insert_expense called with date: 2024-03-16, amount: 500.0, category: Other, notes: Donated to some needy peoples
2025-10-19 00:37:52,794 - db_helper - INFO - insert_expense called with date: 2024-03-16, amount: 500.0, category: Other, notes: Donated in a temple
2025-10-19 00:37:54,888 - db_helper - INFO - fetch_expenses_for_date called with 2024-03-16
2025-10-19 00:37:56,957 - db_helper - INFO - fetch_expense_summary_by_months
2025-10-19 00:38:02,453 - db_helper - INFO - fetch_expenses_for_date called with 2024-03-16
2025-10-19 00:38:04,526 - db_helper - INFO - delete_expenses_for_date called with 2024-03-16
2025-10-19 00:38:04,526 - db_helper - INFO - insert_expense called with date: 2024-03-16, amount: 5000.0, category: Shopping, notes: Bought clothes for my birthday
2025-10-19 00:38:04,550 - db_helper - INFO - insert_expense called with date: 2024-03-16, amount: 2000.0, category: Food, notes: Gave a small party
2025-10-19 00:38:04,557 - db_helper - INFO - insert_expense called with date: 2024-03-16, amount: 2000.0, category: Entertainment, notes: watched movie
2025-10-19 00:38:04,565 - db_helper - INFO - insert_expense called with date: 2024-03-16, amount: 2000.0, category: Entertainment, notes: went to game arcade
2025-10-19 00:38:04,571 - db_helper - INFO - insert_expense called with date: 2024-03-16, amount: 500.0, category: Other, notes: Transportation bills
2025-10-19 00:38:04,572 - db_helper - INFO - insert_expense called with date: 2024-03-16, amount: 500.0, category: Other, notes: cake cutting
2025-10-19 00:38:04,572 - db_helper - INFO - insert_expense called with date: 2024-03-16, amount: 500.0, category: Other, notes: pizza party
2025-10-19 00:38:04,592 - db_helper - INFO - insert_expense called with date: 2024-03-16, amount: 1000.0, category: Entertainment, notes: Turf bookings
2025-10-19 00:38:04,599 - db_helper - INFO - insert_expense called with date: 2024-03-16, amount: 500.0, category: Other, notes: Donated to some needy peoples
2025-10-19 00:38:04,605 - db_helper - INFO - insert_expense called with date: 2024-03-16, amount: 500.0, category: Other, notes: Donated in a temple
2025-10-19 00:38:06,699 - db_helper - INFO - fetch_expenses_for_date called with 2024-03-16
2025-10-19 00:38:08,778 - db_helper - INFO - fetch_expense_summary_by_months
2025-10-19 00:38:21,402 - db_helper - INFO - fetch_expenses_for_date called with 2024-03-16
2025-10-19 00:38:23,480 - db_helper - INFO - fetch_expense_summary_by_months
2025-10-19 00:38:27,860 - db_helper - INFO - fetch_expenses_for_date called with 2024-03-16
2025-10-19 00:38:29,933 - db_helper - INFO - fetch_expense_summary_by_months
2025-10-19 00:38:32,886 - db_helper - INFO - fetch_expenses_for_date called with 2024-03-16
2025-10-19 00:38:34,949 - db_helper - INFO - fetch_expense_summary called with start: 2024-03-16 end: 2024-03-16
2025-10-19 00:38:36,997 - db_helper - INFO - fetch_expense_summary_by_months
2025-10-19 00:39:03,578 - db_helper - INFO - fetch_expenses_for_date called with 2024-08-01
2025-10-19 00:39:05,656 - db_helper - INFO - fetch_expense_summary_by_months
2025-10-19 00:39:12,246 - db_helper - INFO - fetch_expenses_for_date called with 2024-03-16
2025-10-19 00:39:14,312 - db_helper - INFO - fetch_expense_summary_by_months
2025-10-19 00:44:42,497 - db_helper - INFO - fetch_expenses_for_date called with 2024-03-16
2025-10-19 00:44:44,575 - db_helper - INFO - fetch_expense_summary_by_months
2025-10-19 00:46:49,668 - db_helper - INFO - fetch_expenses_for_date called with 2024-03-16
2025-10-19 00:46:51,732 - db_helper - INFO - fetch_expense_summary_by_months
2025-10-19 00:49:12,997 - db_helper - INFO - fetch_expenses_for_date called with 2024-03-16
2025-10-19 00:49:15,066 - db_helper - INFO - fetch_expense_summary_by_months
2025-10-19 00:49:27,794 - db_helper - INFO - fetch_expenses_for_date called with 2024-03-16
2025-10-19 00:49:29,888 - db_helper - INFO - fetch_expense_summary called with start: 2024-08-01 end: 2024-08-05
2025-10-19 00:49:31,951 - db_helper - INFO - fetch_expense_summary_by_months
2025-10-19 00:50:07,329 - db_helper - INFO - fetch_expenses_for_date called with 2024-03-16
2025-10-19 00:50:09,440 - db_helper - INFO - fetch_expense_summary_by_months
2025-10-19 00:53:09,309 - db_helper - INFO - fetch_expenses_for_date called with 2024-03-16
2025-10-19 00:53:11,388 - db_helper - INFO - fetch_expense_summary_by_months
2025-10-19 00:53:19,837 - db_helper - INFO - fetch_expenses_for_date called with 2024-08-01
2025-10-19 00:53:21,915 - db_helper - INFO - fetch_expense_summary_by_months
2025-10-19 00:53:35,302 - db_helper - INFO - fetch_expenses_for_date called with 2024-08-01
2025-10-19 00:53:37,359 - db_helper - INFO - fetch_expense_summary_by_months
2025-10-19 00:55:24,618 - db_helper - INFO - fetch_expenses_for_date called with 2024-08-01
2025-10-19 00:55:26,708 - db_helper - INFO - delete_expenses_for_date called with 2024-08-01
2025-10-19 00:55:26,713 - db_helper - INFO - insert_expense called with date: 2024-08-01, amount: 1000.0, category: Food, notes: Nishu spent on protein powder
2025-10-19 00:55:26,729 - db_helper - INFO - insert_expense called with date: 2024-08-01, amount: 300.0, category: Food, notes: Groceries for the week
2025-10-19 00:55:26,729 - db_helper - INFO - insert_expense called with date: 2024-08-01, amount: 1200.0, category: Rent, notes: Monthly rent payment
2025-10-19 00:55:26,745 - db_helper - INFO - insert_expense called with date: 2024-08-01, amount: 300.0, category: Food, notes: Groceries for the week
2025-10-19 00:55:26,745 - db_helper - INFO - insert_expense called with date: 2024-08-01, amount: 20.0, category: Shopping, notes: Bought dairy milk
2025-10-19 00:55:26,761 - db_helper - INFO - insert_expense called with date: 2024-08-01, amount: 1340.0, category: Shopping, notes: Monthly rent payment
2025-10-19 00:55:28,871 - db_helper - INFO - fetch_expenses_for_date called with 2024-08-01
2025-10-19 00:55:30,967 - db_helper - INFO - fetch_expense_summary_by_months
2025-10-19 00:55:38,296 - db_helper - INFO - fetch_expenses_for_date called with 2024-08-01
2025-10-19 00:55:40,374 - db_helper - INFO - fetch_expense_summary_by_months
2025-10-19 00:56:21,359 - db_helper - INFO - fetch_expenses_for_date called with 2024-08-01
2025-10-19 00:56:23,418 - db_helper - INFO - delete_expenses_for_date called with 2024-08-01
2025-10-19 00:56:23,422 - db_helper - INFO - insert_expense called with date: 2024-08-01, amount: 1000.0, category: Food, notes: Nishu spent on protein powder
2025-10-19 00:56:23,437 - db_helper - INFO - insert_expense called with date: 2024-08-01, amount: 300.0, category: Food, notes: Groceries for the week
2025-10-19 00:56:23,437 - db_helper - INFO - insert_expense called with date: 2024-08-01, amount: 1200.0, category: Rent, notes: Monthly rent payment
2025-10-19 00:56:23,448 - db_helper - INFO - insert_expense called with date: 2024-08-01, amount: 300.0, category: Food, notes: Groceries for the week
2025-10-19 00:56:23,458 - db_helper - INFO - insert_expense called with date: 2024-08-01, amount: 1340.0, category: Shopping, notes: Monthly rent payment
2025-10-19 00:56:25,570 - db_helper - INFO - fetch_expenses_for_date called with 2024-08-01
2025-10-19 00:56:27,624 - db_helper - INFO - fetch_expense_summary_by_months
2025-10-19 00:56:33,542 - db_helper - INFO - fetch_expenses_for_date called with 2024-08-01
2025-10-19 00:56:35,605 - db_helper - INFO - fetch_expense_summary_by_months
2025-10-19 00:58:42,826 - db_helper - INFO - fetch_expenses_for_date called with 2024-08-01
2025-10-19 00:58:44,910 - db_helper - INFO - delete_expenses_for_date called with 2024-08-01
2025-10-19 00:58:44,923 - db_helper - INFO - insert_expense called with date: 2024-08-01, amount: 1000.0, category: Food, notes: Nishu spent on protein powder
2025-10-19 00:58:44,933 - db_helper - INFO - insert_expense called with date: 2024-08-01, amount: 300.0, category: Food, notes: Ate Belgian waffle
2025-10-19 00:58:44,938 - db_helper - INFO - insert_expense called with date: 2024-08-01, amount: 1200.0, category: Shopping, notes: Clothes
2025-10-19 00:58:44,938 - db_helper - INFO - insert_expense called with date: 2024-08-01, amount: 300.0, category: Food, notes: Groceries for the week
2025-10-19 00:58:44,956 - db_helper - INFO - insert_expense called with date: 2024-08-01, amount: 5000.0, category: Rent, notes: Monthly rent payment
2025-10-19 00:58:47,054 - db_helper - INFO - fetch_expenses_for_date called with 2024-08-01
2025-10-19 00:58:49,116 - db_helper - INFO - fetch_expense_summary_by_months
2025-10-19 00:59:03,933 - db_helper - INFO - fetch_expenses_for_date called with 2024-08-01
2025-10-19 00:59:06,002 - db_helper - INFO - fetch_expense_summary_by_months
2025-10-19 00:59:40,793 - db_helper - INFO - fetch_expenses_for_date called with 2024-08-01
2025-10-19 00:59:42,861 - db_helper - INFO - delete_expenses_for_date called with 2024-08-01
2025-10-19 00:59:42,874 - db_helper - INFO - insert_expense called with date: 2024-08-01, amount: 1000.0, category: Food, notes: Nishu spent on protein powder
2025-10-19 00:59:42,882 - db_helper - INFO - insert_expense called with date: 2024-08-01, amount: 300.0, category: Food, notes: Ate Belgian waffle
2025-10-19 00:59:42,893 - db_helper - INFO - insert_expense called with date: 2024-08-01, amount: 1200.0, category: Shopping, notes: Clothes
2025-10-19 00:59:42,901 - db_helper - INFO - insert_expense called with date: 2024-08-01, amount: 300.0, category: Other, notes: Groceries for the week
2025-10-19 00:59:42,902 - db_helper - INFO - insert_expense called with date: 2024-08-01, amount: 5000.0, category: Rent, notes: Monthly rent payment
2025-10-19 00:59:45,011 - db_helper - INFO - fetch_expenses_for_date called with 2024-08-01
2025-10-19 00:59:47,093 - db_helper - INFO - fetch_expense_summary_by_months
2025-10-19 00:59:53,074 - db_helper - INFO - fetch_expenses_for_date called with 2024-08-01
2025-10-19 00:59:55,138 - db_helper - INFO - fetch_expense_summary_by_months
2025-10-19 01:01:14,587 - db_helper - INFO - fetch_expenses_for_date called with 2024-08-01
2025-10-19 01:01:16,652 - db_helper - INFO - delete_expenses_for_date called with 2024-08-01
2025-10-19 01:01:16,652 - db_helper - INFO - insert_expense called with date: 2024-08-01, amount: 1000.0, category: Food, notes: Nishu spent on protein powder
2025-10-19 01:01:16,671 - db_helper - INFO - insert_expense called with date: 2024-08-01, amount: 300.0, category: Entertainment, notes: Watched Avatar: The way of water
2025-10-19 01:01:16,680 - db_helper - INFO - insert_expense called with date: 2024-08-01, amount: 1200.0, category: Shopping, notes: Clothes
2025-10-19 01:01:16,690 - db_helper - INFO - insert_expense called with date: 2024-08-01, amount: 300.0, category: Other, notes: Groceries for the week
2025-10-19 01:01:16,694 - db_helper - INFO - insert_expense called with date: 2024-08-01, amount: 5000.0, category: Rent, notes: Monthly rent payment
2025-10-19 01:01:18,810 - db_helper - INFO - fetch_expenses_for_date called with 2024-08-01
2025-10-19 01:01:20,872 - db_helper - INFO - fetch_expense_summary_by_months
2025-10-19 01:01:26,614 - db_helper - INFO - fetch_expenses_for_date called with 2024-08-01
2025-10-19 01:01:28,686 - db_helper - INFO - fetch_expense_summary_by_months
2025-10-19 01:01:49,031 - db_helper - INFO - fetch_expenses_for_date called with 2024-08-01
2025-10-19 01:01:50,764 - db_helper - INFO - fetch_expenses_for_date called with 2024-08-01
2025-10-19 01:01:52,814 - db_helper - INFO - fetch_expense_summary_by_months
2025-10-19 01:01:53,627 - db_helper - INFO - fetch_expenses_for_date called with 2024-08-01
2025-10-19 01:01:55,687 - db_helper - INFO - fetch_expense_summary called with start: 2024-08-01 end: 2024-08-01
2025-10-19 01:01:57,746 - db_helper - INFO - fetch_expense_summary_by_months
2025-10-19 01:03:16,739 - db_helper - INFO - fetch_expenses_for_date called with 2024-08-01
2025-10-19 01:03:18,813 - db_helper - INFO - fetch_expense_summary_by_months
2025-10-19 01:09:44,061 - db_helper - INFO - fetch_expenses_for_date called with 2024-08-01
2025-10-19 01:09:46,167 - db_helper - INFO - fetch_expense_summary_by_months
2025-10-19 01:10:54,799 - db_helper - INFO - fetch_expenses_for_date called with 2024-08-01
2025-10-19 01:10:56,872 - db_helper - INFO - fetch_expense_summary_by_months
2025-10-19 01:11:42,923 - db_helper - INFO - fetch_expenses_for_date called with 2024-08-01
2025-10-19 01:11:44,980 - db_helper - INFO - fetch_expense_summary_by_months
2025-10-19 01:12:16,842 - db_helper - INFO - fetch_expenses_for_date called with 2024-08-01
2025-10-19 01:12:18,950 - db_helper - INFO - fetch_expense_summary_by_months
2025-10-19 01:17:35,263 - db_helper - INFO - fetch_expenses_for_date called with 2024-08-01
2025-10-19 01:17:37,314 - db_helper - INFO - fetch_expense_summary_by_months
2025-10-19 01:17:39,171 - db_helper - INFO - fetch_expenses_for_date called with 2024-08-01
2025-10-19 01:17:41,254 - db_helper - INFO - fetch_expense_summary_by_months
2025-10-19 01:18:36,684 - db_helper - INFO - fetch_expenses_for_date called with 2024-08-01
2025-10-19 01:18:38,746 - db_helper - INFO - fetch_expense_summary_by_months
2025-10-19 01:19:22,637 - db_helper - INFO - fetch_expenses_for_date called with 2024-08-01
2025-10-19 01:19:24,700 - db_helper - INFO - fetch_expense_summary_by_months
2025-10-19 01:20:01,336 - db_helper - INFO - fetch_expenses_for_date called with 2024-08-01
2025-10-19 01:20:03,425 - db_helper - INFO - fetch_expense_summary_by_months
2025-10-19 01:25:47,421 - db_helper - INFO - fetch_expenses_for_date called with 2024-08-01
2025-10-19 01:25:49,513 - db_helper - INFO - fetch_expense_summary_by_months
2025-10-19 01:27:49,989 - db_helper - INFO - fetch_expenses_for_date called with 2024-08-01
2025-10-19 01:27:52,077 - db_helper - INFO - fetch_expense_summary_by_months
2025-10-19 01:29:17,339 - db_helper - INFO - fetch_expenses_for_date called with 2024-08-01
2025-10-19 01:29:19,417 - db_helper - INFO - fetch_expense_summary_by_months
2025-10-19 01:37:42,247 - db_helper - INFO - fetch_expenses_for_date called with 2024-08-01
2025-10-19 01:37:44,316 - db_helper - INFO - fetch_expense_summary_by_months
2025-10-19 01:40:40,480 - db_helper - INFO - fetch_expenses_for_date called with 2024-08-01
2025-10-19 01:40:42,544 - db_helper - INFO - fetch_expense_summary_by_months
2025-10-19 01:40:48,714 - db_helper - INFO - fetch_expenses_for_date called with 2024-08-01
2025-10-19 01:40:50,788 - db_helper - INFO - fetch_expense_summary called with start: 2024-08-01 end: 2024-08-05
2025-10-19 01:40:52,844 - db_helper - INFO - fetch_expense_summary_by_months
2025-10-19 01:59:23,769 - db_helper - INFO - fetch_expenses_for_date called with 2024-08-01
2025-10-19 01:59:25,858 - db_helper - INFO - delete_expenses_for_date called with 2024-08-01
2025-10-19 01:59:25,904 - db_helper - INFO - insert_expense called with date: 2024-08-01, amount: 1000.0, category: Food, notes: Nishu spent on protein powder
2025-10-19 01:59:25,912 - db_helper - INFO - insert_expense called with date: 2024-08-01, amount: 1000.0, category: Entertainment, notes: Watched Avatar: The way of water
2025-10-19 01:59:25,912 - db_helper - INFO - insert_expense called with date: 2024-08-01, amount: 1200.0, category: Shopping, notes: Clothes
2025-10-19 01:59:25,912 - db_helper - INFO - insert_expense called with date: 2024-08-01, amount: 3000.0, category: Other, notes: Groceries for the week
2025-10-19 01:59:25,927 - db_helper - INFO - insert_expense called with date: 2024-08-01, amount: 5000.0, category: Rent, notes: Monthly rent payment
2025-10-19 01:59:28,000 - db_helper - INFO - fetch_expenses_for_date called with 2024-08-01
2025-10-19 01:59:30,076 - db_helper - INFO - fetch_expense_summary_by_months
2025-10-19 01:59:52,263 - db_helper - INFO - fetch_expenses_for_date called with 2024-08-01
2025-10-19 01:59:53,904 - db_helper - INFO - fetch_expenses_for_date called with 2024-08-01
2025-10-19 01:59:55,953 - db_helper - INFO - fetch_expense_summary_by_months
2025-10-19 01:59:59,300 - db_helper - INFO - fetch_expenses_for_date called with 2024-08-01
2025-10-19 02:00:01,358 - db_helper - INFO - fetch_expense_summary called with start: 2024-08-01 end: 2024-08-01
2025-10-19 02:00:03,420 - db_helper - INFO - fetch_expense_summary_by_months
2025-10-19 03:15:32,774 - db_helper - INFO - fetch_expenses_for_date called with 2024-08-01
2025-10-19 03:15:34,916 - db_helper - INFO - fetch_expense_summary_by_months
2025-10-19 03:16:01,671 - db_helper - INFO - fetch_expenses_for_date called with 2024-03-16
2025-10-19 03:16:03,761 - db_helper - INFO - fetch_expense_summary_by_months
2025-10-19 03:16:15,072 - db_helper - INFO - fetch_expenses_for_date called with 2024-03-16
2025-10-19 03:16:17,156 - db_helper - INFO - fetch_expense_summary called with start: 2024-08-01 end: 2024-08-05
2025-10-19 03:16:19,210 - db_helper - INFO - fetch_expense_summary_by_months
2025-10-19 03:36:09,725 - db_helper - INFO - fetch_expenses_for_date called with 2024-03-16
2025-10-19 03:36:11,829 - db_helper - INFO - fetch_expense_summary_by_months
2025-10-19 03:36:17,024 - db_helper - INFO - fetch_expenses_for_date called with 2024-08-01
2025-10-19 03:36:19,123 - db_helper - INFO - fetch_expense_summary_by_months
2025-10-19 03:36:33,634 - db_helper - INFO - fetch_expenses_for_date called with 2024-08-01
2025-10-19 03:36:35,707 - db_helper - INFO - fetch_expense_summary_by_months
2025-10-19 03:39:40,192 - db_helper - INFO - fetch_expenses_for_date called with 2024-08-01
2025-10-19 03:39:42,272 - db_helper - INFO - fetch_expense_summary called with start: 2024-08-01 end: 2024-08-05
2025-10-19 03:39:44,335 - db_helper - INFO - fetch_expense_summary_by_months
2025-10-19 03:53:13,692 - db_helper - INFO - fetch_expenses_for_date called with 2024-08-01
2025-10-19 03:53:15,769 - db_helper - INFO - fetch_expense_summary_by_months
